<?xml version="1.0" encoding="UTF-8"?>
<!-- Generated by org.testng.reporters.JUnitXMLReporter -->
<testsuite ignored="0" hostname="HP" failures="0" tests="3" name="Default test" time="0.083" errors="0" timestamp="2022-07-27T17:15:51 IST">
  <testcase classname="testNg.dependsonMethod" name="Login" time="0.012"/>
  <testcase classname="testNg.dependsonMethod" name="dashbord" time="0.001"/>
  <testcase classname="testNg.dependsonMethod" name="Logout" time="0.001"/>
</testsuite> <!-- Default test -->
