<?xml version="1.0" encoding="UTF-8"?>
<testng-results ignored="0" total="3" passed="3" failed="0" skipped="0">
  <reporter-output>
  </reporter-output>
  <suite started-at="2022-07-27T17:15:50 IST" name="Default suite" finished-at="2022-07-27T17:15:50 IST" duration-ms="83">
    <groups>
    </groups>
    <test started-at="2022-07-27T17:15:50 IST" name="Default test" finished-at="2022-07-27T17:15:50 IST" duration-ms="83">
      <class name="testNg.dependsonMethod">
        <test-method signature="Login()[pri:0, instance:testNg.dependsonMethod@6356695f]" started-at="2022-07-27T17:15:50 IST" name="Login" finished-at="2022-07-27T17:15:50 IST" duration-ms="12" status="PASS">
          <reporter-output>
          </reporter-output>
        </test-method> <!-- Login -->
        <test-method signature="dashbord()[pri:0, instance:testNg.dependsonMethod@6356695f]" started-at="2022-07-27T17:15:50 IST" name="dashbord" finished-at="2022-07-27T17:15:50 IST" depends-on-methods="testNg.dependsonMethod.Login" duration-ms="1" status="PASS">
          <reporter-output>
          </reporter-output>
        </test-method> <!-- dashbord -->
        <test-method signature="Logout()[pri:0, instance:testNg.dependsonMethod@6356695f]" started-at="2022-07-27T17:15:50 IST" name="Logout" finished-at="2022-07-27T17:15:50 IST" depends-on-methods="testNg.dependsonMethod.dashbord" duration-ms="1" status="PASS">
          <reporter-output>
          </reporter-output>
        </test-method> <!-- Logout -->
      </class> <!-- testNg.dependsonMethod -->
    </test> <!-- Default test -->
  </suite> <!-- Default suite -->
</testng-results>
