<?xml version="1.0" encoding="UTF-8"?>
<!-- Generated by org.testng.reporters.JUnitXMLReporter -->
<testsuite ignored="2" hostname="HP" failures="0" tests="3" name="GRP-smoketest" time="0.082" errors="0" timestamp="2022-07-08T16:15:51 IST">
  <testcase classname="testNg.Groups" name="test1" time="0.015"/>
  <testcase classname="testNg.Groups" name="test3" time="0.002"/>
  <testcase classname="testNg.Groups" name="test5" time="0.003"/>
  <testcase classname="testNg.Groups" name="test2" time="0.0">
    <ignored/>
  </testcase> <!-- test2 -->
  <testcase classname="testNg.Groups" name="test4" time="0.0">
    <ignored/>
  </testcase> <!-- test4 -->
</testsuite> <!-- GRP-smoketest -->
